Vivado Simulator v2025.1.0
Copyright 1986-2022 Xilinx, Inc. All Rights Reserved.
Copyright 2022-2025 Advanced Micro Devices, Inc. All Rights Reserved.
Running: C:/Xilinx/2025.1/Vivado/bin/unwrapped/win64.o/xelab.exe --incr --debug typical --relax --mt 2 --maxdelay -L xil_defaultlib -L uvm -L simprims_ver -L secureip --snapshot tb_line_buffer_time_impl -transport_int_delays -pulse_r 0 -pulse_int_r 0 -pulse_e 0 -pulse_int_e 0 xil_defaultlib.tb_line_buffer xil_defaultlib.glbl -log elaborate.log 
Using 2 slave threads.
Starting static elaboration
Pass Through NonSizing Optimizer
Completed static elaboration
Starting simulation data flow analysis
Completed simulation data flow analysis
INFO: [XSIM 43-3451] SDF backannotation process started with SDF file "tb_line_buffer_time_impl.sdf", for root module "tb_line_buffer/buffer".
INFO: [XSIM 43-3452] SDF backannotation was successful for SDF file "tb_line_buffer_time_impl.sdf", for root module "tb_line_buffer/buffer".
Time Resolution for simulation is 1ps
Compiling module simprims_ver.BUFG
Compiling module simprims_ver.IBUF
Compiling module simprims_ver.OBUF
Compiling module simprims_ver.x_lut1_mux2
Compiling module simprims_ver.LUT1(INIT=2'b01)
Compiling module simprims_ver.LUT4
Compiling module simprims_ver.LUT6
Compiling module simprims_ver.x_lut3_mux8
Compiling module simprims_ver.LUT3
Compiling module simprims_ver.FDSE_default
Compiling module simprims_ver.CARRY4
Compiling module simprims_ver.FDRE_default
Compiling module simprims_ver.RB18_INTERNAL_VLOG(READ_WIDTH_A=...
Compiling module simprims_ver.RAMB18E1(READ_WIDTH_A=18,READ_WI...
Compiling module simprims_ver.LUT5
Compiling module simprims_ver.x_lut2_mux4
Compiling module simprims_ver.LUT2
Compiling module xil_defaultlib.line_buffer
Compiling module xil_defaultlib.tb_line_buffer
Compiling module xil_defaultlib.glbl
Built simulation snapshot tb_line_buffer_time_impl
